# JRE version: OpenJDK Runtime Environment (21.0.5) (build 21.0.5+-12932927-b750.29)
# Java VM: OpenJDK 64-Bit Server VM (21.0.5+-12932927-b750.29, mixed mode, tiered, compressed oops, compressed class ptrs, g1 gc, windows-amd64)
GC Precious Log:
 CardTable entry size: 512
 Card Set container configuration: InlinePtr #cards 5 size 8 Array Of Cards #cards 12 size 40 Howl #buckets 4 coarsen threshold 1843 Howl Bitmap #cards 512 size 80 coarsen threshold 460 Card regions per heap region 1 cards per card region 2048
 CPUs: 8 total, 8 available
 Memory: 7872M
 Large Page Support: Disabled
 NUMA Support: Disabled
 Compressed Oops: Enabled (32-bit)
 Heap Region Size: 1M
 Heap Min Capacity: 8M
 Heap Initial Capacity: 124M
 Heap Max Capacity: 2G
 Pre-touch: Disabled
 Parallel Workers: 8
 Concurrent Workers: 2
 Concurrent Refinement Workers: 8
 Periodic GC: Disabled
Heap:
 garbage-first heap   total 195584K, used 133283K [0x0000000080000000, 0x0000000100000000)
  region size 1024K, 6 young (6144K), 5 survivors (5120K)
 Metaspace       used 125666K, committed 128000K, reserved 1179648K
  class space    used 16754K, committed 17920K, reserved 1048576K
GC Heap History (20 events):
Event: 42.282 GC heap before
{Heap before GC invocations=33 (full 0):
 garbage-first heap   total 137216K, used 118205K [0x0000000080000000, 0x0000000100000000)
  region size 1024K, 39 young (39936K), 5 survivors (5120K)
 Metaspace       used 108732K, committed 110848K, reserved 1179648K
  class space    used 14705K, committed 15744K, reserved 1048576K
}
Event: 42.296 GC heap after
{Heap after GC invocations=34 (full 0):
 garbage-first heap   total 137216K, used 90590K [0x0000000080000000, 0x0000000100000000)
  region size 1024K, 6 young (6144K), 6 survivors (6144K)
 Metaspace       used 108732K, committed 110848K, reserved 1179648K
  class space    used 14705K, committed 15744K, reserved 1048576K
}
Event: 43.957 GC heap before
{Heap before GC invocations=35 (full 0):
 garbage-first heap   total 160768K, used 125406K [0x0000000080000000, 0x0000000100000000)
  region size 1024K, 36 young (36864K), 6 survivors (6144K)
 Metaspace       used 112033K, committed 114240K, reserved 1179648K
  class space    used 15111K, committed 16192K, reserved 1048576K
}
Event: 43.979 GC heap after
{Heap after GC invocations=36 (full 0):
 garbage-first heap   total 160768K, used 94682K [0x0000000080000000, 0x0000000100000000)
  region size 1024K, 5 young (5120K), 5 survivors (5120K)
 Metaspace       used 112033K, committed 114240K, reserved 1179648K
  class space    used 15111K, committed 16192K, reserved 1048576K
}
Event: 45.095 GC heap before
{Heap before GC invocations=36 (full 0):
 garbage-first heap   total 160768K, used 144858K [0x0000000080000000, 0x0000000100000000)
  region size 1024K, 54 young (55296K), 5 survivors (5120K)
 Metaspace       used 112208K, committed 114368K, reserved 1179648K
  class space    used 15117K, committed 16192K, reserved 1048576K
}
Event: 45.113 GC heap after
{Heap after GC invocations=37 (full 0):
 garbage-first heap   total 160768K, used 97946K [0x0000000080000000, 0x0000000100000000)
  region size 1024K, 5 young (5120K), 5 survivors (5120K)
 Metaspace       used 112208K, committed 114368K, reserved 1179648K
  class space    used 15117K, committed 16192K, reserved 1048576K
}
Event: 46.593 GC heap before
{Heap before GC invocations=37 (full 0):
 garbage-first heap   total 160768K, used 145050K [0x0000000080000000, 0x0000000100000000)
  region size 1024K, 52 young (53248K), 5 survivors (5120K)
 Metaspace       used 112413K, committed 114496K, reserved 1179648K
  class space    used 15148K, committed 16192K, reserved 1048576K
}
Event: 46.605 GC heap after
{Heap after GC invocations=38 (full 0):
 garbage-first heap   total 193536K, used 99981K [0x0000000080000000, 0x0000000100000000)
  region size 1024K, 5 young (5120K), 5 survivors (5120K)
 Metaspace       used 112413K, committed 114496K, reserved 1179648K
  class space    used 15148K, committed 16192K, reserved 1048576K
}
Event: 47.935 GC heap before
{Heap before GC invocations=39 (full 0):
 garbage-first heap   total 193536K, used 174733K [0x0000000080000000, 0x0000000100000000)
  region size 1024K, 79 young (80896K), 5 survivors (5120K)
 Metaspace       used 112663K, committed 114816K, reserved 1179648K
  class space    used 15167K, committed 16256K, reserved 1048576K
}
Event: 47.948 GC heap after
{Heap after GC invocations=40 (full 0):
 garbage-first heap   total 193536K, used 102940K [0x0000000080000000, 0x0000000100000000)
  region size 1024K, 8 young (8192K), 8 survivors (8192K)
 Metaspace       used 112663K, committed 114816K, reserved 1179648K
  class space    used 15167K, committed 16256K, reserved 1048576K
}
Event: 51.161 GC heap before
{Heap before GC invocations=40 (full 0):
 garbage-first heap   total 193536K, used 175644K [0x0000000080000000, 0x0000000100000000)
  region size 1024K, 78 young (79872K), 8 survivors (8192K)
 Metaspace       used 116170K, committed 118400K, reserved 1179648K
  class space    used 15675K, committed 16832K, reserved 1048576K
}
Event: 51.187 GC heap after
{Heap after GC invocations=41 (full 0):
 garbage-first heap   total 195584K, used 110030K [0x0000000080000000, 0x0000000100000000)
  region size 1024K, 10 young (10240K), 10 survivors (10240K)
 Metaspace       used 116170K, committed 118400K, reserved 1179648K
  class space    used 15675K, committed 16832K, reserved 1048576K
}
Event: 52.049 GC heap before
{Heap before GC invocations=41 (full 0):
 garbage-first heap   total 195584K, used 129486K [0x0000000080000000, 0x0000000100000000)
  region size 1024K, 31 young (31744K), 10 survivors (10240K)
 Metaspace       used 120735K, committed 123008K, reserved 1179648K
  class space    used 16238K, committed 17408K, reserved 1048576K
}
Event: 52.071 GC heap after
{Heap after GC invocations=42 (full 0):
 garbage-first heap   total 195584K, used 112692K [0x0000000080000000, 0x0000000100000000)
  region size 1024K, 3 young (3072K), 3 survivors (3072K)
 Metaspace       used 120735K, committed 123008K, reserved 1179648K
  class space    used 16238K, committed 17408K, reserved 1048576K
}
Event: 55.771 GC heap before
{Heap before GC invocations=43 (full 0):
 garbage-first heap   total 195584K, used 178228K [0x0000000080000000, 0x0000000100000000)
  region size 1024K, 65 young (66560K), 3 survivors (3072K)
 Metaspace       used 122857K, committed 125120K, reserved 1179648K
  class space    used 16474K, committed 17600K, reserved 1048576K
}
Event: 55.797 GC heap after
{Heap after GC invocations=44 (full 0):
 garbage-first heap   total 195584K, used 127837K [0x0000000080000000, 0x0000000100000000)
  region size 1024K, 9 young (9216K), 9 survivors (9216K)
 Metaspace       used 122857K, committed 125120K, reserved 1179648K
  class space    used 16474K, committed 17600K, reserved 1048576K
}
Event: 61.150 GC heap before
{Heap before GC invocations=44 (full 0):
 garbage-first heap   total 195584K, used 174941K [0x0000000080000000, 0x0000000100000000)
  region size 1024K, 55 young (56320K), 9 survivors (9216K)
 Metaspace       used 125635K, committed 127936K, reserved 1179648K
  class space    used 16753K, committed 17920K, reserved 1048576K
}
Event: 61.175 GC heap after
{Heap after GC invocations=45 (full 0):
 garbage-first heap   total 195584K, used 129024K [0x0000000080000000, 0x0000000100000000)
  region size 1024K, 5 young (5120K), 5 survivors (5120K)
 Metaspace       used 125635K, committed 127936K, reserved 1179648K
  class space    used 16753K, committed 17920K, reserved 1048576K
}
Event: 63.104 GC heap before
{Heap before GC invocations=45 (full 0):
 garbage-first heap   total 195584K, used 176128K [0x0000000080000000, 0x0000000100000000)
  region size 1024K, 52 young (53248K), 5 survivors (5120K)
 Metaspace       used 125666K, committed 128000K, reserved 1179648K
  class space    used 16754K, committed 17920K, reserved 1048576K
}
Event: 63.120 GC heap after
{Heap after GC invocations=46 (full 0):
 garbage-first heap   total 195584K, used 133283K [0x0000000080000000, 0x0000000100000000)
  region size 1024K, 5 young (5120K), 5 survivors (5120K)
 Metaspace       used 125666K, committed 128000K, reserved 1179648K
  class space    used 16754K, committed 17920K, reserved 1048576K
}

