# JRE version: OpenJDK Runtime Environment (21.0.5) (build 21.0.5+-12932927-b750.29)
# Java VM: OpenJDK 64-Bit Server VM (21.0.5+-12932927-b750.29, mixed mode, tiered, compressed oops, compressed class ptrs, g1 gc, windows-amd64)
GC Precious Log:
 CardTable entry size: 512
 Card Set container configuration: InlinePtr #cards 5 size 8 Array Of Cards #cards 12 size 40 Howl #buckets 4 coarsen threshold 1843 Howl Bitmap #cards 512 size 80 coarsen threshold 460 Card regions per heap region 1 cards per card region 2048
 CPUs: 8 total, 8 available
 Memory: 7872M
 Large Page Support: Disabled
 NUMA Support: Disabled
 Compressed Oops: Enabled (32-bit)
 Heap Region Size: 1M
 Heap Min Capacity: 8M
 Heap Initial Capacity: 124M
 Heap Max Capacity: 2G
 Pre-touch: Disabled
 Parallel Workers: 8
 Concurrent Workers: 2
 Concurrent Refinement Workers: 8
 Periodic GC: Disabled
Heap:
 garbage-first heap   total 447488K, used 348418K [0x0000000080000000, 0x0000000100000000)
  region size 1024K, 196 young (200704K), 7 survivors (7168K)
 Metaspace       used 157009K, committed 159360K, reserved 1245184K
  class space    used 20129K, committed 21760K, reserved 1048576K
GC Heap History (20 events):
Event: 5729.078 GC heap before
{Heap before GC invocations=80 (full 0):
 garbage-first heap   total 319488K, used 218862K [0x0000000080000000, 0x0000000100000000)
  region size 1024K, 31 young (31744K), 13 survivors (13312K)
 Metaspace       used 156259K, committed 159104K, reserved 1245184K
  class space    used 20128K, committed 21760K, reserved 1048576K
}
Event: 5729.116 GC heap after
{Heap after GC invocations=81 (full 0):
 garbage-first heap   total 319488K, used 194667K [0x0000000080000000, 0x0000000100000000)
  region size 1024K, 3 young (3072K), 3 survivors (3072K)
 Metaspace       used 156259K, committed 159104K, reserved 1245184K
  class space    used 20128K, committed 21760K, reserved 1048576K
}
Event: 5731.080 GC heap before
{Heap before GC invocations=81 (full 0):
 garbage-first heap   total 319488K, used 281707K [0x0000000080000000, 0x0000000100000000)
  region size 1024K, 89 young (91136K), 3 survivors (3072K)
 Metaspace       used 156401K, committed 159104K, reserved 1245184K
  class space    used 20143K, committed 21760K, reserved 1048576K
}
Event: 5731.099 GC heap after
{Heap after GC invocations=82 (full 0):
 garbage-first heap   total 319488K, used 193684K [0x0000000080000000, 0x0000000100000000)
  region size 1024K, 10 young (10240K), 10 survivors (10240K)
 Metaspace       used 156401K, committed 159104K, reserved 1245184K
  class space    used 20143K, committed 21760K, reserved 1048576K
}
Event: 5731.417 GC heap before
{Heap before GC invocations=82 (full 0):
 garbage-first heap   total 319488K, used 284820K [0x0000000080000000, 0x0000000100000000)
  region size 1024K, 99 young (101376K), 10 survivors (10240K)
 Metaspace       used 156436K, committed 159104K, reserved 1245184K
  class space    used 20144K, committed 21760K, reserved 1048576K
}
Event: 5731.449 GC heap after
{Heap after GC invocations=83 (full 0):
 garbage-first heap   total 319488K, used 186795K [0x0000000080000000, 0x0000000100000000)
  region size 1024K, 3 young (3072K), 3 survivors (3072K)
 Metaspace       used 156436K, committed 159104K, reserved 1245184K
  class space    used 20144K, committed 21760K, reserved 1048576K
}
Event: 5732.192 GC heap before
{Heap before GC invocations=83 (full 0):
 garbage-first heap   total 319488K, used 286123K [0x0000000080000000, 0x0000000100000000)
  region size 1024K, 101 young (103424K), 3 survivors (3072K)
 Metaspace       used 156486K, committed 159104K, reserved 1245184K
  class space    used 20144K, committed 21760K, reserved 1048576K
}
Event: 5732.226 GC heap after
{Heap after GC invocations=84 (full 0):
 garbage-first heap   total 319488K, used 167187K [0x0000000080000000, 0x0000000100000000)
  region size 1024K, 6 young (6144K), 6 survivors (6144K)
 Metaspace       used 156486K, committed 159104K, reserved 1245184K
  class space    used 20144K, committed 21760K, reserved 1048576K
}
Event: 6737.255 GC heap before
{Heap before GC invocations=84 (full 0):
 garbage-first heap   total 319488K, used 305427K [0x0000000080000000, 0x0000000100000000)
  region size 1024K, 123 young (125952K), 6 survivors (6144K)
 Metaspace       used 156733K, committed 159168K, reserved 1245184K
  class space    used 20158K, committed 21760K, reserved 1048576K
}
Event: 6737.862 GC heap after
{Heap after GC invocations=85 (full 0):
 garbage-first heap   total 447488K, used 165420K [0x0000000080000000, 0x0000000100000000)
  region size 1024K, 10 young (10240K), 10 survivors (10240K)
 Metaspace       used 156733K, committed 159168K, reserved 1245184K
  class space    used 20158K, committed 21760K, reserved 1048576K
}
Event: 6739.736 GC heap before
{Heap before GC invocations=85 (full 0):
 garbage-first heap   total 447488K, used 176684K [0x0000000080000000, 0x0000000100000000)
  region size 1024K, 21 young (21504K), 10 survivors (10240K)
 Metaspace       used 156773K, committed 159232K, reserved 1245184K
  class space    used 20160K, committed 21760K, reserved 1048576K
}
Event: 6739.824 GC heap after
{Heap after GC invocations=86 (full 0):
 garbage-first heap   total 447488K, used 160889K [0x0000000080000000, 0x0000000100000000)
  region size 1024K, 3 young (3072K), 3 survivors (3072K)
 Metaspace       used 156773K, committed 159232K, reserved 1245184K
  class space    used 20160K, committed 21760K, reserved 1048576K
}
Event: 6744.590 GC heap before
{Heap before GC invocations=86 (full 0):
 garbage-first heap   total 447488K, used 212089K [0x0000000080000000, 0x0000000100000000)
  region size 1024K, 55 young (56320K), 3 survivors (3072K)
 Metaspace       used 156877K, committed 159232K, reserved 1245184K
  class space    used 20161K, committed 21760K, reserved 1048576K
}
Event: 6744.619 GC heap after
{Heap after GC invocations=87 (full 0):
 garbage-first heap   total 447488K, used 168260K [0x0000000080000000, 0x0000000100000000)
  region size 1024K, 10 young (10240K), 10 survivors (10240K)
 Metaspace       used 156877K, committed 159232K, reserved 1245184K
  class space    used 20161K, committed 21760K, reserved 1048576K
}
Event: 6761.651 GC heap before
{Heap before GC invocations=88 (full 0):
 garbage-first heap   total 447488K, used 343364K [0x0000000080000000, 0x0000000100000000)
  region size 1024K, 186 young (190464K), 10 survivors (10240K)
 Metaspace       used 156925K, committed 159296K, reserved 1245184K
  class space    used 20129K, committed 21760K, reserved 1048576K
}
Event: 6761.694 GC heap after
{Heap after GC invocations=89 (full 0):
 garbage-first heap   total 447488K, used 165009K [0x0000000080000000, 0x0000000100000000)
  region size 1024K, 13 young (13312K), 13 survivors (13312K)
 Metaspace       used 156925K, committed 159296K, reserved 1245184K
  class space    used 20129K, committed 21760K, reserved 1048576K
}
Event: 6762.036 GC heap before
{Heap before GC invocations=89 (full 0):
 garbage-first heap   total 447488K, used 213137K [0x0000000080000000, 0x0000000100000000)
  region size 1024K, 60 young (61440K), 13 survivors (13312K)
 Metaspace       used 156931K, committed 159296K, reserved 1245184K
  class space    used 20129K, committed 21760K, reserved 1048576K
}
Event: 6762.078 GC heap after
{Heap after GC invocations=90 (full 0):
 garbage-first heap   total 447488K, used 163704K [0x0000000080000000, 0x0000000100000000)
  region size 1024K, 8 young (8192K), 8 survivors (8192K)
 Metaspace       used 156931K, committed 159296K, reserved 1245184K
  class space    used 20129K, committed 21760K, reserved 1048576K
}
Event: 6762.662 GC heap before
{Heap before GC invocations=90 (full 0):
 garbage-first heap   total 447488K, used 250744K [0x0000000080000000, 0x0000000100000000)
  region size 1024K, 93 young (95232K), 8 survivors (8192K)
 Metaspace       used 156943K, committed 159296K, reserved 1245184K
  class space    used 20129K, committed 21760K, reserved 1048576K
}
Event: 6762.675 GC heap after
{Heap after GC invocations=91 (full 0):
 garbage-first heap   total 447488K, used 156930K [0x0000000080000000, 0x0000000100000000)
  region size 1024K, 7 young (7168K), 7 survivors (7168K)
 Metaspace       used 156943K, committed 159296K, reserved 1245184K
  class space    used 20129K, committed 21760K, reserved 1048576K
}

